#
# A fatal error has been detected by the Java Runtime Environment:
#
#  EXCEPTION_ACCESS_VIOLATION (0xc0000005) at pc=0x000000007322c750, pid=11040, tid=11220
#
# JRE version: 6.0_17-b04
# Java VM: Java HotSpot(TM) 64-Bit Server VM (14.3-b01 mixed mode windows-amd64 )
# Problematic frame:
# C  0x000000007322c750
#
# If you would like to submit a bug report, please visit:
#   http://java.sun.com/webapps/bugreport/crash.jsp
# The crash happened outside the Java Virtual Machine in native code.
# See problematic frame for where to report the bug.
#

---------------  T H R E A D  ---------------

Current thread (0x00000000520ee800):  JavaThread "AWT-EventQueue-0" [_thread_in_native, id=11220, stack(0x0000000009750000,0x00000000097d0000)]

siginfo: ExceptionCode=0xc0000005, reading address 0x0000000000000008

Registers:
EAX=0x000000000000000d, EBX=0x00000000520ee9b8, ECX=0x0000000000000000, EDX=0xffffffffe6012067
ESP=0x00000000097cdfe8, EBP=0x00000000574bdcf0, ESI=0x00000000520ee9b8, EDI=0x0000000057765220
EIP=0x000000007322c750, EFLAGS=0x0000000000010202

Top of Stack: (sp=0x00000000097cdfe8)
0x00000000097cdfe8:   00000000731d589c 0000000000000000
0x00000000097cdff8:   00000000520ee9b8 00000000574bdcf0
0x00000000097ce008:   00000000520ee9b8 00000000484d2380
0x00000000097ce018:   00000000520ee9b8 00000000097ce4b0
0x00000000097ce028:   00000000731b3810 00000000520ee9b8
0x00000000097ce038:   00000000097ce708 00000000097ce780
0x00000000097ce048:   00000000574bdcf0 0000000000000000
0x00000000097ce058:   00000000731d2151 00000000097ce0c8
0x00000000097ce068:   00000000097ce778 0000000047c79eb0
0x00000000097ce078:   00000000097ce780 00000000484d21a8
0x00000000097ce088:   000000003d75f5e8 0000000000000000
0x00000000097ce098:   00000000484d2330 000000003da94918
0x00000000097ce0a8:   000000003d5e9490 0000001c000000d8
0x00000000097ce0b8:   0000000000000000 00000000484d1f90
0x00000000097ce0c8:   0000000000000001 0000000031a836b4
0x00000000097ce0d8:   00000000484c2060 000000003c8aec58 

Instructions: (pc=0x000000007322c750)
0x000000007322c740:   48 8b 41 08 48 8b 80 18 0c 00 00 c3 cc cc cc cc
0x000000007322c750:   48 8b 49 08 48 85 c9 74 05 e9 72 f6 fd ff 33 c0 


Stack: [0x0000000009750000,0x00000000097d0000],  sp=0x00000000097cdfe8,  free space=503k
Native frames: (J=compiled Java code, j=interpreted, Vv=VM code, C=native code)
C  0x000000007322c750

Java frames: (J=compiled Java code, j=interpreted, Vv=VM code)
j  sun.java2d.windows.GDIBlitLoops.nativeBlit(Lsun/java2d/SurfaceData;Lsun/java2d/SurfaceData;Lsun/java2d/pipe/Region;IIIIIIIIIZ)V+0
j  sun.java2d.windows.GDIBlitLoops.Blit(Lsun/java2d/SurfaceData;Lsun/java2d/SurfaceData;Ljava/awt/Composite;Lsun/java2d/pipe/Region;IIIIII)V+33
J  sun.java2d.pipe.DrawImage.copyImage(Lsun/java2d/SunGraphics2D;Ljava/awt/Image;IILjava/awt/Color;Ljava/awt/image/ImageObserver;)Z
J  sun.java2d.SunGraphics2D.drawImage(Ljava/awt/Image;IILjava/awt/Color;Ljava/awt/image/ImageObserver;)Z
J  javax.swing.RepaintManager$PaintManager.paintDoubleBuffered(Ljavax/swing/JComponent;Ljava/awt/Image;Ljava/awt/Graphics;IIII)V
j  javax.swing.RepaintManager$PaintManager.paint(Ljavax/swing/JComponent;Ljavax/swing/JComponent;Ljava/awt/Graphics;IIII)Z+116
j  javax.swing.RepaintManager.paint(Ljavax/swing/JComponent;Ljavax/swing/JComponent;Ljava/awt/Graphics;IIII)V+52
J  javax.swing.JComponent.paint(Ljava/awt/Graphics;)V
j  java.awt.GraphicsCallback$PaintCallback.run(Ljava/awt/Component;Ljava/awt/Graphics;)V+2
j  sun.awt.SunGraphicsCallback.runOneComponent(Ljava/awt/Component;Ljava/awt/Rectangle;Ljava/awt/Graphics;Ljava/awt/Shape;I)V+155
j  sun.awt.SunGraphicsCallback.runComponents([Ljava/awt/Component;Ljava/awt/Graphics;I)V+104
J  javax.swing.RepaintManager.paintDirtyRegions(Ljava/util/Map;)V
j  javax.swing.RepaintManager.paintDirtyRegions()V+46
j  javax.swing.RepaintManager.seqPaintDirtyRegions()V+73
j  javax.swing.SystemEventQueueUtilities$ComponentWorkRequest.run()V+36
J  java.awt.event.InvocationEvent.dispatch()V
J  java.awt.EventDispatchThread.pumpOneEventForFilters(I)Z
J  java.awt.EventDispatchThread.pumpEventsForFilter(ILjava/awt/Conditional;Ljava/awt/EventFilter;)V
j  java.awt.EventDispatchThread.pumpEventsForHierarchy(ILjava/awt/Conditional;Ljava/awt/Component;)V+11
j  java.awt.EventDispatchThread.pumpEvents(ILjava/awt/Conditional;)V+4
j  java.awt.EventDispatchThread.pumpEvents(Ljava/awt/Conditional;)V+3
j  java.awt.EventDispatchThread.run()V+9
v  ~StubRoutines::call_stub

---------------  P R O C E S S  ---------------

Java Threads: ( => current thread )
  0x00000000520fb800 JavaThread "Image Fetcher 0" daemon [_thread_blocked, id=9224, stack(0x000000001c9d0000,0x000000001ca50000)]
  0x00000000520f5800 JavaThread "Explorer NavigationContext request queue" [_thread_blocked, id=10148, stack(0x000000001cb10000,0x000000001cb90000)]
  0x0000000057303800 JavaThread "Code Analyzer updating thread" [_thread_blocked, id=5968, stack(0x000000001c8f0000,0x000000001c970000)]
  0x0000000057304000 JavaThread "Swing-Shell" daemon [_thread_blocked, id=3936, stack(0x000000001c870000,0x000000001c8f0000)]
  0x00000000520fa000 JavaThread "Timer-122" [_thread_blocked, id=6244, stack(0x00000000151d0000,0x0000000015250000)]
  0x00000000520fa800 JavaThread "Code Analyzer updating thread" [_thread_blocked, id=10724, stack(0x0000000015d70000,0x0000000015df0000)]
  0x00000000520f2000 JavaThread "Code Analyzer updating thread" [_thread_blocked, id=10456, stack(0x0000000015770000,0x00000000157f0000)]
  0x00000000520f5000 JavaThread "pool-4-thread-1" [_thread_blocked, id=10432, stack(0x00000000156d0000,0x0000000015750000)]
  0x00000000520f2800 JavaThread "Code Analyzer updating thread" [_thread_blocked, id=7028, stack(0x000000002e7a0000,0x000000002e820000)]
  0x00000000520f1000 JavaThread "Prefs Updater" daemon [_thread_blocked, id=10896, stack(0x0000000030020000,0x00000000300a0000)]
  0x00000000520f9000 JavaThread "Code Analyzer updating thread" [_thread_blocked, id=10636, stack(0x0000000055510000,0x0000000055590000)]
  0x00000000520f8800 JavaThread "Active Reference Queue Daemon" daemon [_thread_blocked, id=4000, stack(0x0000000059250000,0x00000000592d0000)]
  0x00000000520f6800 JavaThread "Timer-6" daemon [_thread_blocked, id=4380, stack(0x0000000058ae0000,0x0000000058b60000)]
  0x00000000520f7000 JavaThread "Timer-5" daemon [_thread_blocked, id=10868, stack(0x0000000059130000,0x00000000591b0000)]
  0x00000000520f4000 JavaThread "AddressBar directory emptiness poller" [_thread_blocked, id=9400, stack(0x0000000056090000,0x0000000056110000)]
  0x00000000520f3800 JavaThread "Explorer Refresh Service 1667685889" [_thread_blocked, id=10924, stack(0x0000000056150000,0x00000000561d0000)]
  0x00000000520f0800 JavaThread "Timer-1" daemon [_thread_blocked, id=10016, stack(0x00000000294f0000,0x0000000029570000)]
  0x00000000520f0000 JavaThread "TimerQueue" daemon [_thread_blocked, id=9288, stack(0x0000000015020000,0x00000000150a0000)]
  0x00000000520ef000 JavaThread "Thread-5" daemon [_thread_blocked, id=5160, stack(0x00000000095c0000,0x0000000009640000)]
=>0x00000000520ee800 JavaThread "AWT-EventQueue-0" [_thread_in_native, id=11220, stack(0x0000000009750000,0x00000000097d0000)]
  0x00000000520ed800 JavaThread "AWT-Shutdown" [_thread_blocked, id=10312, stack(0x00000000096a0000,0x0000000009720000)]
  0x00000000520ed000 JavaThread "FelixPackageAdmin" daemon [_thread_blocked, id=10284, stack(0x000000000e8c0000,0x000000000e940000)]
  0x00000000520ec000 JavaThread "FelixStartLevel" daemon [_thread_blocked, id=9672, stack(0x0000000010e90000,0x0000000010f10000)]
  0x00000000521ae800 JavaThread "FelixDispatchQueue" daemon [_thread_blocked, id=10224, stack(0x0000000009850000,0x00000000098d0000)]
  0x00000000521d1800 JavaThread "com.google.common.base.internal.Finalizer" daemon [_thread_blocked, id=9544, stack(0x000000000edd0000,0x000000000ee50000)]
  0x0000000051e86800 JavaThread "AWT-Windows" daemon [_thread_in_native, id=9632, stack(0x000000000fe50000,0x000000000fed0000)]
  0x0000000051e85000 JavaThread "Java2D Disposer" daemon [_thread_blocked, id=4392, stack(0x000000000fd70000,0x000000000fdf0000)]
  0x000000005148e000 JavaThread "Timer-0" [_thread_blocked, id=640, stack(0x000000000de10000,0x000000000de90000)]
  0x0000000051370800 JavaThread "EventMgr Dispatcher" daemon [_thread_in_native, id=10100, stack(0x0000000009c00000,0x000000000dc00000)]
  0x000000000ed7a800 JavaThread "Low Memory Detector" daemon [_thread_blocked, id=9360, stack(0x000000000ef70000,0x000000000eff0000)]
  0x000000000ed74000 JavaThread "CompilerThread1" daemon [_thread_blocked, id=7428, stack(0x0000000098690000,0x000000009c690000)]
  0x000000000ed6d800 JavaThread "CompilerThread0" daemon [_thread_blocked, id=8948, stack(0x00000000945c0000,0x00000000985c0000)]
  0x000000000ed6d000 JavaThread "Attach Listener" daemon [_thread_blocked, id=4980, stack(0x000000000eef0000,0x000000000ef70000)]
  0x000000000ed14000 JavaThread "Finalizer" daemon [_thread_blocked, id=10864, stack(0x000000000ee60000,0x000000000eee0000)]
  0x000000000ed0a000 JavaThread "Reference Handler" daemon [_thread_blocked, id=8324, stack(0x000000000eb20000,0x000000000eba0000)]
  0x0000000006553000 JavaThread "main" [_thread_in_native, id=9408, stack(0x00000000000c0000,0x00000000040c0000)]

Other Threads:
  0x000000000ed05000 VMThread [stack: 0x0000000090440000,0x0000000094440000] [id=7196]
  0x000000000eda7800 WatcherThread [stack: 0x000000009c750000,0x00000000a0750000] [id=10104]

VM state:not at safepoint (normal execution)

VM Mutex/Monitor currently owned by a thread: None

Heap
 PSYoungGen      total 49984K, used 43887K [0x0000000045a10000, 0x0000000048b10000, 0x0000000048b10000)
  eden space 49792K, 87% used [0x0000000045a10000,0x00000000484d3de8,0x0000000048ab0000)
  from space 192K, 50% used [0x0000000048ae0000,0x0000000048af8000,0x0000000048b10000)
  to   space 192K, 0% used [0x0000000048ab0000,0x0000000048ab0000,0x0000000048ae0000)
 PSOldGen        total 91584K, used 81898K [0x000000003c710000, 0x0000000042080000, 0x0000000045a10000)
  object space 91584K, 89% used [0x000000003c710000,0x000000004170a9b8,0x0000000042080000)
 PSPermGen       total 112064K, used 70187K [0x0000000034710000, 0x000000003b480000, 0x000000003c710000)
  object space 112064K, 62% used [0x0000000034710000,0x0000000038b9ae70,0x000000003b480000)

Dynamic libraries:
0x000000013f770000 - 0x000000013f79d000 	C:\Program Files\MATLAB\R2012b\bin\win64\MATLAB.exe
0x00000000772d0000 - 0x0000000077479000 	C:\Windows\SYSTEM32\ntdll.dll
0x00000000771b0000 - 0x00000000772d0000 	C:\Windows\system32\kernel32.dll
0x000007fefd2c0000 - 0x000007fefd32c000 	C:\Windows\system32\KERNELBASE.dll
0x0000000074460000 - 0x000000007451f000 	C:\Program Files\MATLAB\R2012b\bin\win64\libut.dll
0x00000000758a0000 - 0x000000007595c000 	C:\Program Files\MATLAB\R2012b\bin\win64\libmwi18n.dll
0x0000000180000000 - 0x000000018000b000 	C:\Program Files\MATLAB\R2012b\bin\win64\libmwresource_core.dll
0x000000006cdf0000 - 0x000000006cec3000 	C:\Windows\WinSxS\amd64_microsoft.vc90.crt_1fc8b3b9a1e18e3b_9.0.30729.6161_none_08e61857a83bc251\MSVCP90.dll
0x00000000707a0000 - 0x0000000070843000 	C:\Windows\WinSxS\amd64_microsoft.vc90.crt_1fc8b3b9a1e18e3b_9.0.30729.6161_none_08e61857a83bc251\MSVCR90.dll
0x000000007a170000 - 0x000000007a19c000 	C:\Program Files\MATLAB\R2012b\bin\win64\boost_filesystem-vc90-mt-1_44.dll
0x000000007a560000 - 0x000000007a569000 	C:\Program Files\MATLAB\R2012b\bin\win64\boost_system-vc90-mt-1_44.dll
0x000007feff500000 - 0x000007feff5db000 	C:\Windows\system32\ADVAPI32.dll
0x000007fefeba0000 - 0x000007fefec3f000 	C:\Windows\system32\msvcrt.dll
0x000007feff1b0000 - 0x000007feff1cf000 	C:\Windows\SYSTEM32\sechost.dll
0x000007fefedd0000 - 0x000007fefeefd000 	C:\Windows\system32\RPCRT4.dll
0x000000007a010000 - 0x000000007a035000 	C:\Program Files\MATLAB\R2012b\bin\win64\LIBEXPAT.dll
0x0000000056880000 - 0x0000000056a71000 	C:\Program Files\MATLAB\R2012b\bin\win64\icuin44.dll
0x0000000058b90000 - 0x0000000058d01000 	C:\Program Files\MATLAB\R2012b\bin\win64\icuuc44.dll
0x0000000010000000 - 0x0000000010e41000 	C:\Program Files\MATLAB\R2012b\bin\win64\icudt44.dll
0x0000000073f70000 - 0x000000007411d000 	C:\Program Files\MATLAB\R2012b\bin\win64\libmwfl.dll
0x0000000004330000 - 0x00000000046e6000 	C:\Program Files\MATLAB\R2012b\bin\win64\libmwMATLAB_res.dll
0x000000007a3b0000 - 0x000000007a3c0000 	C:\Program Files\MATLAB\R2012b\bin\win64\boost_date_time-vc90-mt-1_44.dll
0x000000007a250000 - 0x000000007a263000 	C:\Program Files\MATLAB\R2012b\bin\win64\boost_signals-vc90-mt-1_44.dll
0x000000007a2d0000 - 0x000000007a2e2000 	C:\Program Files\MATLAB\R2012b\bin\win64\boost_thread-vc90-mt-1_44.dll
0x00000000046f0000 - 0x00000000047ad000 	C:\Program Files\MATLAB\R2012b\bin\win64\boost_log-vc90-mt-1_44.dll
0x00000000774a0000 - 0x00000000774a7000 	C:\Windows\system32\PSAPI.DLL
0x000007feff4b0000 - 0x000007feff4fd000 	C:\Windows\system32\WS2_32.dll
0x000007feff420000 - 0x000007feff428000 	C:\Windows\system32\NSI.dll
0x00000000041a0000 - 0x00000000041e6000 	C:\Program Files\MATLAB\R2012b\bin\win64\tbb.dll
0x000007fefe740000 - 0x000007fefe759000 	C:\Windows\system32\imagehlp.dll
0x000000006b9f0000 - 0x000000006ba03000 	C:\Program Files\MATLAB\R2012b\bin\win64\icuio44.dll
0x000007fef54c0000 - 0x000007fef55e5000 	C:\Windows\system32\dbghelp.dll
0x00000000770b0000 - 0x00000000771aa000 	C:\Windows\system32\USER32.dll
0x000007fefef00000 - 0x000007fefef67000 	C:\Windows\system32\GDI32.dll
0x000007fefe430000 - 0x000007fefe43e000 	C:\Windows\system32\LPK.dll
0x000007feff270000 - 0x000007feff33a000 	C:\Windows\system32\USP10.dll
0x00000000047b0000 - 0x0000000004a8c000 	C:\Program Files\MATLAB\R2012b\bin\win64\libmwservices.dll
0x0000000075a20000 - 0x0000000075af3000 	C:\Program Files\MATLAB\R2012b\bin\win64\libmx.dll
0x0000000004a90000 - 0x0000000004ab9000 	C:\Program Files\MATLAB\R2012b\bin\win64\tbbmalloc.dll
0x000000007a210000 - 0x000000007a228000 	C:\Program Files\MATLAB\R2012b\bin\win64\zlib1.dll
0x0000000004ae0000 - 0x0000000004b2d000 	C:\Program Files\MATLAB\R2012b\bin\win64\libmwregexp.dll
0x0000000004b40000 - 0x0000000004b63000 	C:\Program Files\MATLAB\R2012b\bin\win64\libmwmfl_scalar.dll
0x0000000075f10000 - 0x0000000075f60000 	C:\Program Files\MATLAB\R2012b\bin\win64\mpath.dll
0x000000007b680000 - 0x000000007bc9a000 	C:\Program Files\MATLAB\R2012b\bin\win64\mlutil.dll
0x00000000754d0000 - 0x0000000075551000 	C:\Program Files\MATLAB\R2012b\bin\win64\xmlcore.dll
0x0000000004bb0000 - 0x0000000004e03000 	C:\Program Files\MATLAB\R2012b\bin\win64\xerces-c_2_7.dll
0x0000000004e20000 - 0x0000000004e40000 	C:\Program Files\MATLAB\R2012b\bin\win64\libmwMATLAB_settings_res.dll
0x0000000004e50000 - 0x0000000004e60000 	C:\Program Files\MATLAB\R2012b\bin\win64\boost_iostreams-vc90-mt-1_44.dll
0x0000000004e70000 - 0x0000000004eb7000 	C:\Program Files\MATLAB\R2012b\bin\win64\boost_serialization-vc90-mt-1_44.dll
0x000007fefd6a0000 - 0x000007fefe429000 	C:\Windows\system32\SHELL32.dll
0x000007feff430000 - 0x000007feff4a1000 	C:\Windows\system32\SHLWAPI.dll
0x000007fef9e40000 - 0x000007fef9ee0000 	C:\Windows\WinSxS\amd64_microsoft.windows.common-controls_6595b64144ccf1df_5.82.7601.18837_none_a4d981ff711297b6\COMCTL32.dll
0x000007feff1d0000 - 0x000007feff267000 	C:\Windows\system32\COMDLG32.dll
0x000007fefae40000 - 0x000007fefae56000 	C:\Windows\system32\NETAPI32.dll
0x000007fefae30000 - 0x000007fefae3c000 	C:\Windows\system32\netutils.dll
0x000007fefcaa0000 - 0x000007fefcac3000 	C:\Windows\system32\srvcli.dll
0x000007fefae10000 - 0x000007fefae25000 	C:\Windows\system32\wkscli.dll
0x000007fefe800000 - 0x000007fefea03000 	C:\Windows\system32\ole32.dll
0x000007feff340000 - 0x000007feff417000 	C:\Windows\system32\OLEAUT32.dll
0x0000000074970000 - 0x0000000074a31000 	C:\Program Files\MATLAB\R2012b\bin\win64\mcr.dll
0x0000000075000000 - 0x00000000753e9000 	C:\Program Files\MATLAB\R2012b\bin\win64\iqm.dll
0x0000000074e80000 - 0x0000000074f38000 	C:\Program Files\MATLAB\R2012b\bin\win64\m_dispatcher.dll
0x0000000074880000 - 0x000000007496d000 	C:\Program Files\MATLAB\R2012b\bin\win64\boost_regex-vc90-mt-1_44.dll
0x000007fee3b70000 - 0x000007fee43e1000 	C:\Program Files\MATLAB\R2012b\bin\win64\m_interpreter.dll
0x000000005b8d0000 - 0x000000005b8f7000 	C:\Program Files\MATLAB\R2012b\bin\win64\libmex.dll
0x000000005b3e0000 - 0x000000005b464000 	C:\Program Files\MATLAB\R2012b\bin\win64\profiler.dll
0x0000000004f40000 - 0x00000000051aa000 	C:\Program Files\MATLAB\R2012b\bin\win64\libmwmathutil.dll
0x0000000079f40000 - 0x0000000079f6e000 	C:\Program Files\MATLAB\R2012b\bin\win64\libmwmathrng.dll
0x00000000051d0000 - 0x00000000051e2000 	C:\Program Files\MATLAB\R2012b\bin\win64\libmwmfl_rng.dll
0x0000000074c10000 - 0x0000000074cee000 	C:\Program Files\MATLAB\R2012b\bin\win64\libmwmathcore.dll
0x0000000076160000 - 0x00000000761ca000 	C:\Program Files\MATLAB\R2012b\bin\win64\libmwspmatrix.dll
0x0000000075ea0000 - 0x0000000075f02000 	C:\Program Files\MATLAB\R2012b\bin\win64\libmwcholmod.dll
0x000000007a460000 - 0x000000007a46d000 	C:\Program Files\MATLAB\R2012b\bin\win64\libmwamd.dll
0x000000007a4b0000 - 0x000000007a4bc000 	C:\Program Files\MATLAB\R2012b\bin\win64\libmwcolamd.dll
0x000000007a290000 - 0x000000007a2a9000 	C:\Program Files\MATLAB\R2012b\bin\win64\libmwblas.dll
0x000000007a310000 - 0x000000007a321000 	C:\Program Files\MATLAB\R2012b\bin\win64\libmwbinder.dll
0x000000007a4d0000 - 0x000000007a4dc000 	C:\Program Files\MATLAB\R2012b\bin\win64\libmwompwrapper.dll
0x0000000005280000 - 0x0000000005305000 	C:\Program Files\MATLAB\R2012b\bin\win64\libmwlapack.dll
0x000000005b810000 - 0x000000005b831000 	C:\Program Files\MATLAB\R2012b\bin\win64\m_pcodeio.dll
0x0000000079b10000 - 0x0000000079b77000 	C:\Program Files\MATLAB\R2012b\bin\win64\m_ir.dll
0x0000000051540000 - 0x0000000051bb0000 	C:\Program Files\MATLAB\R2012b\bin\win64\m_parser.dll
0x0000000061d30000 - 0x0000000061d4a000 	C:\Program Files\MATLAB\R2012b\bin\win64\ir_xfmr.dll
0x000007fee5b60000 - 0x000007fee5df6000 	C:\Program Files\MATLAB\R2012b\bin\win64\mcos.dll
0x000000005b7f0000 - 0x000000005b801000 	C:\Program Files\MATLAB\R2012b\bin\win64\mtok.dll
0x000000005b5d0000 - 0x000000005b601000 	C:\Program Files\MATLAB\R2012b\bin\win64\m_pcodegen.dll
0x0000000079fb0000 - 0x0000000079fe6000 	C:\Program Files\MATLAB\R2012b\bin\win64\libmwbridge.dll
0x00000000567b0000 - 0x0000000056878000 	C:\Program Files\MATLAB\R2012b\bin\win64\udd.dll
0x0000000056650000 - 0x00000000567a2000 	C:\Program Files\MATLAB\R2012b\bin\win64\libmwgui.dll
0x000000005b7d0000 - 0x000000005b7e7000 	C:\Program Files\MATLAB\R2012b\bin\win64\graphics_util.dll
0x00000000053d0000 - 0x0000000005e2f000 	C:\Program Files\MATLAB\R2012b\bin\win64\hg.dll
0x0000000005e40000 - 0x0000000005ea8000 	C:\Program Files\MATLAB\R2012b\bin\win64\libmat.dll
0x0000000072d30000 - 0x0000000072f44000 	C:\Program Files\MATLAB\R2012b\bin\win64\hdf5dll.dll
0x0000000075710000 - 0x00000000757de000 	C:\Program Files\MATLAB\R2012b\bin\win64\jmi.dll
0x0000000005ee0000 - 0x0000000005eed000 	C:\Program Files\MATLAB\R2012b\bin\win64\nativejava_services.dll
0x000000005ad70000 - 0x000000005adb6000 	C:\Program Files\MATLAB\R2012b\bin\win64\libmwhardcopy.dll
0x0000000059340000 - 0x00000000593a3000 	C:\Program Files\MATLAB\R2012b\bin\win64\libuij.dll
0x00000000563e0000 - 0x0000000056644000 	C:\Program Files\MATLAB\R2012b\bin\win64\hgdatatypes.dll
0x0000000055720000 - 0x000000005583f000 	C:\Program Files\MATLAB\R2012b\bin\win64\hgutils.dll
0x0000000055660000 - 0x0000000055720000 	C:\Program Files\MATLAB\R2012b\bin\win64\udd_mi.dll
0x0000000005f50000 - 0x0000000005f8b000 	C:\Program Files\MATLAB\R2012b\bin\win64\libmwgbtutils.dll
0x0000000005fa0000 - 0x0000000005fbb000 	C:\Program Files\MATLAB\R2012b\bin\win64\libmwgbt.dll
0x0000000005fd0000 - 0x00000000062a1000 	C:\Program Files\MATLAB\R2012b\bin\win64\uiw.dll
0x000000006bb30000 - 0x000000006bb3f000 	C:\Program Files\MATLAB\R2012b\bin\win64\uinone.dll
0x00000000062d0000 - 0x00000000062f9000 	C:\Program Files\MATLAB\R2012b\bin\win64\libmwnativefiledialogs.dll
0x0000000006310000 - 0x0000000006318000 	C:\Program Files\MATLAB\R2012b\bin\win64\libmwplatform_res.dll
0x000007fef9a00000 - 0x000007fef9a18000 	C:\Windows\system32\MPR.dll
0x0000000077b10000 - 0x0000000077ff4000 	C:\Windows\WinSxS\amd64_microsoft.vc90.mfc_1fc8b3b9a1e18e3b_9.0.30729.6161_none_044aad0bab1eb146\mfc90.dll
0x000007fefab00000 - 0x000007fefab07000 	C:\Windows\system32\MSIMG32.dll
0x000007fef9dc0000 - 0x000007fef9e31000 	C:\Windows\system32\WINSPOOL.DRV
0x000000005b5a0000 - 0x000000005b5c2000 	C:\Program Files\MATLAB\R2012b\bin\win64\mwoles05.DLL
0x00000000555e0000 - 0x000000005565d000 	C:\Program Files\MATLAB\R2012b\bin\win64\comcli.dll
0x000000005b050000 - 0x000000005b07f000 	C:\Windows\WinSxS\amd64_microsoft.vc90.atl_1fc8b3b9a1e18e3b_9.0.30729.6161_none_0a1fd3a3a768b895\ATL90.DLL
0x0000000065b90000 - 0x0000000065b9c000 	C:\Program Files\MATLAB\R2012b\bin\win64\mlautoregister.dll
0x000007fefe710000 - 0x000007fefe73e000 	C:\Windows\system32\IMM32.DLL
0x000007fefecc0000 - 0x000007fefedc9000 	C:\Windows\system32\MSCTF.dll
0x000007fefcfa0000 - 0x000007fefcfd1000 	C:\Windows\system32\nvinitx.dll
0x000007fefcf90000 - 0x000007fefcf9c000 	C:\Windows\system32\VERSION.dll
0x000000000f000000 - 0x000000000f006000 	C:\Program Files\NVIDIA Corporation\CoProcManager\detoured.dll
0x000007fef9f10000 - 0x000007fef9f41000 	C:\Program Files\NVIDIA Corporation\CoProcManager\nvd3d9wrapx.dll
0x000007fefefd0000 - 0x000007feff1a7000 	C:\Windows\system32\SETUPAPI.dll
0x000007fefd360000 - 0x000007fefd396000 	C:\Windows\system32\CFGMGR32.dll
0x000007fefd410000 - 0x000007fefd42a000 	C:\Windows\system32\DEVOBJ.dll
0x000007fef9ee0000 - 0x000007fef9f02000 	C:\Program Files\NVIDIA Corporation\CoProcManager\nvdxgiwrapx.dll
0x0000000074dc0000 - 0x0000000074df8000 	C:\PROGRA~2\Sophos\SOPHOS~1\SOPHOS~2.DLL
0x000007fefb660000 - 0x000007fefb6b6000 	C:\Windows\system32\UxTheme.dll
0x000007fefb150000 - 0x000007fefb168000 	C:\Windows\system32\dwmapi.dll
0x000000005dbb0000 - 0x000000005dbbf000 	C:\Windows\WinSxS\amd64_microsoft.vc90.mfcloc_1fc8b3b9a1e18e3b_9.0.30729.6161_none_01c9581e60cbee58\MFC90DEU.DLL
0x000007fefd080000 - 0x000007fefd08f000 	C:\Windows\system32\profapi.dll

VM Arguments:
jvm_args: -Xss512k -XX:PermSize=32m -Xms64m -XX:NewRatio=3 -XX:MaxPermSize=128m -Xmx196m -XX:MaxDirectMemorySize=2147400000 -Dsun.java2d.noddraw=true -Dsun.awt.nopixfmt=true -Xshare:off -Xrs -Dsun.awt.disableMixing=true -Djava.library.path=C:\Program Files\MATLAB\R2012b\bin\win64;C:\Program Files\MATLAB\R2012b\sys\jxbrowser\win64\lib vfprintf abort 
java_command: <unknown>
Launcher Type: generic

Environment Variables:
JAVA_HOME=C:\Program Files (x86)\Java\jdk1.7.0_45
CLASSPATH=.;.;C:\PROGRA~2\JMF21~1.1E\lib\sound.jar;C:\PROGRA~2\JMF21~1.1E\lib\jmf.jar;C:\PROGRA~2\JMF21~1.1E\lib;
PATH=C:\Program Files\IBM\ILOG\CPLEX_Studio126\opl\bin\x64_win64;C:\Program Files\IBM\ILOG\CPLEX_Studio126\opl\oplide\;C:\Program Files\IBM\ILOG\CPLEX_Studio126\cplex\bin\x64_win64;C:\Program Files\IBM\ILOG\CPLEX_Studio126\cpoptimizer\bin\x64_win64;C:\ProgramData\Oracle\Java\javapath;C:\Program Files (x86)\apache-maven-3.0.5\bin;C:\Program Files (x86)\Java\jdk1.7.0_45\bin;C:\Cygwin\bin;C:\Program Files (x86)\use-3.0.4\bin;C:\Program Files\Java\Java3D\1.5.2\bin;C:\Program Files (x86)\MiKTeX 2.9\miktex\bin\;C:\Program Files (x86)\Windows Kits\8.1\Windows Performance Toolkit\;C:\Program Files\Microsoft SQL Server\110\Tools\Binn\;C:\Program Files (x86)\Microsoft SDKs\TypeScript\1.0\;C:\Program Files\Microsoft SQL Server\120\Tools\Binn\;C:\Program Files\TortoiseSVN\bin;C:\Program Files (x86)\NVIDIA Corporation\PhysX\Common
USERNAME=Stefan
OS=Windows_NT
PROCESSOR_IDENTIFIER=Intel64 Family 6 Model 42 Stepping 7, GenuineIntel



---------------  S Y S T E M  ---------------

OS: Windows 7 Build 7601 Service Pack 1

CPU:total 8 (8 cores per cpu, 2 threads per core) family 6 model 42 stepping 7, cmov, cx8, fxsr, mmx, sse, sse2, sse3, ssse3, sse4.1, sse4.2, ht

Memory: 4k page, physical 8280236k(4873004k free), swap 16558636k(11077168k free)

vm_info: Java HotSpot(TM) 64-Bit Server VM (14.3-b01) for windows-amd64 JRE (1.6.0_17-b04), built on Oct 11 2009 00:46:08 by "java_re" with MS VC++ 8.0

time: Thu Jan 14 13:18:00 2016
elapsed time: 251991 seconds

